{"C:\\Users\\user\\Desktop\\BLOC2\\DEV III\\Projet_DEVIII\\group-ajl\\server\\src\\controllers\\ActeursControllers.ts": {"path":"C:\\Users\\user\\Desktop\\BLOC2\\DEV III\\Projet_DEVIII\\group-ajl\\server\\src\\controllers\\ActeursControllers.ts","statementMap":{"0":{"start":{"line":2,"column":0},"end":{"line":2,"column":40}},"1":{"start":{"line":4,"column":29},"end":{"line":11,"column":1}},"2":{"start":{"line":5,"column":4},"end":{"line":10,"column":5}},"3":{"start":{"line":6,"column":22},"end":{"line":6,"column":45}},"4":{"start":{"line":7,"column":8},"end":{"line":7,"column":36}},"5":{"start":{"line":9,"column":8},"end":{"line":9,"column":64}},"6":{"start":{"line":4,"column":13},"end":{"line":4,"column":29}},"7":{"start":{"line":13,"column":29},"end":{"line":21,"column":1}},"8":{"start":{"line":14,"column":4},"end":{"line":20,"column":5}},"9":{"start":{"line":15,"column":8},"end":{"line":15,"column":107}},"10":{"start":{"line":16,"column":8},"end":{"line":16,"column":39}},"11":{"start":{"line":18,"column":8},"end":{"line":18,"column":27}},"12":{"start":{"line":19,"column":8},"end":{"line":19,"column":47}},"13":{"start":{"line":13,"column":13},"end":{"line":13,"column":29}},"14":{"start":{"line":23,"column":29},"end":{"line":36,"column":1}},"15":{"start":{"line":24,"column":4},"end":{"line":35,"column":5}},"16":{"start":{"line":25,"column":8},"end":{"line":29,"column":11}},"17":{"start":{"line":30,"column":8},"end":{"line":30,"column":39}},"18":{"start":{"line":33,"column":8},"end":{"line":33,"column":27}},"19":{"start":{"line":34,"column":8},"end":{"line":34,"column":47}},"20":{"start":{"line":23,"column":13},"end":{"line":23,"column":29}}},"fnMap":{"0":{"name":"(anonymous_0)","decl":{"start":{"line":4,"column":29},"end":{"line":4,"column":34}},"loc":{"start":{"line":4,"column":67},"end":{"line":11,"column":1}}},"1":{"name":"(anonymous_1)","decl":{"start":{"line":13,"column":29},"end":{"line":13,"column":34}},"loc":{"start":{"line":13,"column":67},"end":{"line":21,"column":1}}},"2":{"name":"(anonymous_2)","decl":{"start":{"line":23,"column":29},"end":{"line":23,"column":34}},"loc":{"start":{"line":23,"column":67},"end":{"line":36,"column":1}}}},"branchMap":{},"s":{"0":1,"1":1,"2":2,"3":2,"4":1,"5":1,"6":1,"7":1,"8":2,"9":2,"10":1,"11":1,"12":1,"13":1,"14":1,"15":2,"16":2,"17":1,"18":1,"19":1,"20":1},"f":{"0":2,"1":2,"2":2},"b":{}}
,"C:\\Users\\user\\Desktop\\BLOC2\\DEV III\\Projet_DEVIII\\group-ajl\\server\\src\\controllers\\Acteurs_filmsControllers.ts": {"path":"C:\\Users\\user\\Desktop\\BLOC2\\DEV III\\Projet_DEVIII\\group-ajl\\server\\src\\controllers\\Acteurs_filmsControllers.ts","statementMap":{"0":{"start":{"line":2,"column":0},"end":{"line":2,"column":52}},"1":{"start":{"line":3,"column":0},"end":{"line":3,"column":39}},"2":{"start":{"line":4,"column":0},"end":{"line":4,"column":35}},"3":{"start":{"line":6,"column":35},"end":{"line":13,"column":1}},"4":{"start":{"line":7,"column":4},"end":{"line":12,"column":5}},"5":{"start":{"line":8,"column":22},"end":{"line":8,"column":51}},"6":{"start":{"line":9,"column":8},"end":{"line":9,"column":36}},"7":{"start":{"line":11,"column":8},"end":{"line":11,"column":64}},"8":{"start":{"line":6,"column":13},"end":{"line":6,"column":35}},"9":{"start":{"line":15,"column":35},"end":{"line":44,"column":1}},"10":{"start":{"line":16,"column":4},"end":{"line":43,"column":5}},"11":{"start":{"line":17,"column":39},"end":{"line":17,"column":47}},"12":{"start":{"line":19,"column":21},"end":{"line":19,"column":53}},"13":{"start":{"line":20,"column":8},"end":{"line":24,"column":9}},"14":{"start":{"line":21,"column":12},"end":{"line":23,"column":15}},"15":{"start":{"line":26,"column":21},"end":{"line":26,"column":49}},"16":{"start":{"line":27,"column":8},"end":{"line":31,"column":9}},"17":{"start":{"line":28,"column":12},"end":{"line":30,"column":15}},"18":{"start":{"line":33,"column":37},"end":{"line":36,"column":10}},"19":{"start":{"line":38,"column":8},"end":{"line":38,"column":51}},"20":{"start":{"line":41,"column":8},"end":{"line":41,"column":27}},"21":{"start":{"line":42,"column":8},"end":{"line":42,"column":47}},"22":{"start":{"line":15,"column":13},"end":{"line":15,"column":35}},"23":{"start":{"line":46,"column":35},"end":{"line":69,"column":1}},"24":{"start":{"line":47,"column":4},"end":{"line":68,"column":5}},"25":{"start":{"line":48,"column":39},"end":{"line":48,"column":49}},"26":{"start":{"line":50,"column":24},"end":{"line":55,"column":10}},"27":{"start":{"line":57,"column":8},"end":{"line":61,"column":9}},"28":{"start":{"line":58,"column":12},"end":{"line":60,"column":15}},"29":{"start":{"line":63,"column":8},"end":{"line":63,"column":31}},"30":{"start":{"line":66,"column":8},"end":{"line":66,"column":27}},"31":{"start":{"line":67,"column":8},"end":{"line":67,"column":47}},"32":{"start":{"line":46,"column":13},"end":{"line":46,"column":35}}},"fnMap":{"0":{"name":"(anonymous_0)","decl":{"start":{"line":6,"column":35},"end":{"line":6,"column":40}},"loc":{"start":{"line":6,"column":73},"end":{"line":13,"column":1}}},"1":{"name":"(anonymous_1)","decl":{"start":{"line":15,"column":35},"end":{"line":15,"column":40}},"loc":{"start":{"line":15,"column":73},"end":{"line":44,"column":1}}},"2":{"name":"(anonymous_2)","decl":{"start":{"line":46,"column":35},"end":{"line":46,"column":40}},"loc":{"start":{"line":46,"column":73},"end":{"line":69,"column":1}}}},"branchMap":{"0":{"loc":{"start":{"line":20,"column":8},"end":{"line":24,"column":9}},"type":"if","locations":[{"start":{"line":20,"column":8},"end":{"line":24,"column":9}},{"start":{},"end":{}}]},"1":{"loc":{"start":{"line":27,"column":8},"end":{"line":31,"column":9}},"type":"if","locations":[{"start":{"line":27,"column":8},"end":{"line":31,"column":9}},{"start":{},"end":{}}]},"2":{"loc":{"start":{"line":57,"column":8},"end":{"line":61,"column":9}},"type":"if","locations":[{"start":{"line":57,"column":8},"end":{"line":61,"column":9}},{"start":{},"end":{}}]}},"s":{"0":1,"1":1,"2":1,"3":1,"4":2,"5":2,"6":1,"7":1,"8":1,"9":1,"10":4,"11":4,"12":4,"13":3,"14":1,"15":2,"16":2,"17":1,"18":1,"19":1,"20":1,"21":1,"22":1,"23":1,"24":3,"25":3,"26":3,"27":2,"28":1,"29":1,"30":1,"31":1,"32":1},"f":{"0":2,"1":4,"2":3},"b":{"0":[1,2],"1":[1,1],"2":[1,1]}}
,"C:\\Users\\user\\Desktop\\BLOC2\\DEV III\\Projet_DEVIII\\group-ajl\\server\\src\\controllers\\GenresControllers.ts": {"path":"C:\\Users\\user\\Desktop\\BLOC2\\DEV III\\Projet_DEVIII\\group-ajl\\server\\src\\controllers\\GenresControllers.ts","statementMap":{"0":{"start":{"line":2,"column":0},"end":{"line":2,"column":38}},"1":{"start":{"line":4,"column":28},"end":{"line":11,"column":1}},"2":{"start":{"line":5,"column":4},"end":{"line":10,"column":5}},"3":{"start":{"line":6,"column":22},"end":{"line":6,"column":44}},"4":{"start":{"line":7,"column":8},"end":{"line":7,"column":36}},"5":{"start":{"line":9,"column":8},"end":{"line":9,"column":64}},"6":{"start":{"line":4,"column":13},"end":{"line":4,"column":28}},"7":{"start":{"line":13,"column":27},"end":{"line":21,"column":1}},"8":{"start":{"line":14,"column":4},"end":{"line":20,"column":5}},"9":{"start":{"line":15,"column":8},"end":{"line":15,"column":80}},"10":{"start":{"line":16,"column":8},"end":{"line":16,"column":39}},"11":{"start":{"line":18,"column":8},"end":{"line":18,"column":27}},"12":{"start":{"line":19,"column":8},"end":{"line":19,"column":47}},"13":{"start":{"line":13,"column":13},"end":{"line":13,"column":27}},"14":{"start":{"line":23,"column":28},"end":{"line":36,"column":1}},"15":{"start":{"line":24,"column":4},"end":{"line":35,"column":5}},"16":{"start":{"line":25,"column":8},"end":{"line":29,"column":11}},"17":{"start":{"line":30,"column":8},"end":{"line":30,"column":39}},"18":{"start":{"line":33,"column":8},"end":{"line":33,"column":27}},"19":{"start":{"line":34,"column":8},"end":{"line":34,"column":47}},"20":{"start":{"line":23,"column":13},"end":{"line":23,"column":28}}},"fnMap":{"0":{"name":"(anonymous_0)","decl":{"start":{"line":4,"column":28},"end":{"line":4,"column":33}},"loc":{"start":{"line":4,"column":66},"end":{"line":11,"column":1}}},"1":{"name":"(anonymous_1)","decl":{"start":{"line":13,"column":27},"end":{"line":13,"column":32}},"loc":{"start":{"line":13,"column":65},"end":{"line":21,"column":1}}},"2":{"name":"(anonymous_2)","decl":{"start":{"line":23,"column":28},"end":{"line":23,"column":33}},"loc":{"start":{"line":23,"column":66},"end":{"line":36,"column":1}}}},"branchMap":{},"s":{"0":1,"1":1,"2":2,"3":2,"4":1,"5":1,"6":1,"7":1,"8":2,"9":2,"10":1,"11":1,"12":1,"13":1,"14":1,"15":2,"16":2,"17":1,"18":1,"19":1,"20":1},"f":{"0":2,"1":2,"2":2},"b":{}}
,"C:\\Users\\user\\Desktop\\BLOC2\\DEV III\\Projet_DEVIII\\group-ajl\\server\\src\\controllers\\Genres_filmsControllers.ts": {"path":"C:\\Users\\user\\Desktop\\BLOC2\\DEV III\\Projet_DEVIII\\group-ajl\\server\\src\\controllers\\Genres_filmsControllers.ts","statementMap":{"0":{"start":{"line":2,"column":0},"end":{"line":2,"column":50}},"1":{"start":{"line":3,"column":0},"end":{"line":3,"column":38}},"2":{"start":{"line":4,"column":0},"end":{"line":4,"column":35}},"3":{"start":{"line":6,"column":34},"end":{"line":13,"column":1}},"4":{"start":{"line":7,"column":4},"end":{"line":12,"column":5}},"5":{"start":{"line":8,"column":29},"end":{"line":8,"column":57}},"6":{"start":{"line":9,"column":8},"end":{"line":9,"column":43}},"7":{"start":{"line":11,"column":8},"end":{"line":11,"column":64}},"8":{"start":{"line":6,"column":13},"end":{"line":6,"column":34}},"9":{"start":{"line":15,"column":34},"end":{"line":44,"column":1}},"10":{"start":{"line":16,"column":4},"end":{"line":43,"column":5}},"11":{"start":{"line":17,"column":38},"end":{"line":17,"column":46}},"12":{"start":{"line":19,"column":22},"end":{"line":19,"column":53}},"13":{"start":{"line":20,"column":8},"end":{"line":24,"column":9}},"14":{"start":{"line":21,"column":12},"end":{"line":23,"column":15}},"15":{"start":{"line":26,"column":21},"end":{"line":26,"column":49}},"16":{"start":{"line":27,"column":8},"end":{"line":31,"column":9}},"17":{"start":{"line":28,"column":12},"end":{"line":30,"column":15}},"18":{"start":{"line":33,"column":36},"end":{"line":36,"column":10}},"19":{"start":{"line":38,"column":8},"end":{"line":38,"column":50}},"20":{"start":{"line":41,"column":8},"end":{"line":41,"column":27}},"21":{"start":{"line":42,"column":8},"end":{"line":42,"column":47}},"22":{"start":{"line":15,"column":13},"end":{"line":15,"column":34}},"23":{"start":{"line":46,"column":34},"end":{"line":69,"column":1}},"24":{"start":{"line":47,"column":4},"end":{"line":68,"column":5}},"25":{"start":{"line":48,"column":38},"end":{"line":48,"column":48}},"26":{"start":{"line":50,"column":24},"end":{"line":55,"column":10}},"27":{"start":{"line":57,"column":8},"end":{"line":61,"column":9}},"28":{"start":{"line":58,"column":12},"end":{"line":60,"column":15}},"29":{"start":{"line":63,"column":8},"end":{"line":63,"column":31}},"30":{"start":{"line":66,"column":8},"end":{"line":66,"column":27}},"31":{"start":{"line":67,"column":8},"end":{"line":67,"column":47}},"32":{"start":{"line":46,"column":13},"end":{"line":46,"column":34}}},"fnMap":{"0":{"name":"(anonymous_0)","decl":{"start":{"line":6,"column":34},"end":{"line":6,"column":39}},"loc":{"start":{"line":6,"column":72},"end":{"line":13,"column":1}}},"1":{"name":"(anonymous_1)","decl":{"start":{"line":15,"column":34},"end":{"line":15,"column":39}},"loc":{"start":{"line":15,"column":72},"end":{"line":44,"column":1}}},"2":{"name":"(anonymous_2)","decl":{"start":{"line":46,"column":34},"end":{"line":46,"column":39}},"loc":{"start":{"line":46,"column":72},"end":{"line":69,"column":1}}}},"branchMap":{"0":{"loc":{"start":{"line":20,"column":8},"end":{"line":24,"column":9}},"type":"if","locations":[{"start":{"line":20,"column":8},"end":{"line":24,"column":9}},{"start":{},"end":{}}]},"1":{"loc":{"start":{"line":27,"column":8},"end":{"line":31,"column":9}},"type":"if","locations":[{"start":{"line":27,"column":8},"end":{"line":31,"column":9}},{"start":{},"end":{}}]},"2":{"loc":{"start":{"line":57,"column":8},"end":{"line":61,"column":9}},"type":"if","locations":[{"start":{"line":57,"column":8},"end":{"line":61,"column":9}},{"start":{},"end":{}}]}},"s":{"0":1,"1":1,"2":1,"3":1,"4":2,"5":2,"6":1,"7":1,"8":1,"9":1,"10":4,"11":4,"12":4,"13":3,"14":1,"15":2,"16":2,"17":1,"18":1,"19":1,"20":1,"21":1,"22":1,"23":1,"24":3,"25":3,"26":3,"27":2,"28":1,"29":1,"30":1,"31":1,"32":1},"f":{"0":2,"1":4,"2":3},"b":{"0":[1,2],"1":[1,1],"2":[1,1]}}
,"C:\\Users\\user\\Desktop\\BLOC2\\DEV III\\Projet_DEVIII\\group-ajl\\server\\src\\controllers\\RealisateursControllers.ts": {"path":"C:\\Users\\user\\Desktop\\BLOC2\\DEV III\\Projet_DEVIII\\group-ajl\\server\\src\\controllers\\RealisateursControllers.ts","statementMap":{"0":{"start":{"line":2,"column":0},"end":{"line":2,"column":43}},"1":{"start":{"line":4,"column":27},"end":{"line":11,"column":1}},"2":{"start":{"line":5,"column":4},"end":{"line":10,"column":5}},"3":{"start":{"line":6,"column":22},"end":{"line":6,"column":43}},"4":{"start":{"line":7,"column":8},"end":{"line":7,"column":36}},"5":{"start":{"line":9,"column":8},"end":{"line":9,"column":64}},"6":{"start":{"line":4,"column":13},"end":{"line":4,"column":27}},"7":{"start":{"line":13,"column":26},"end":{"line":21,"column":1}},"8":{"start":{"line":14,"column":4},"end":{"line":20,"column":5}},"9":{"start":{"line":15,"column":8},"end":{"line":15,"column":115}},"10":{"start":{"line":16,"column":8},"end":{"line":16,"column":39}},"11":{"start":{"line":18,"column":8},"end":{"line":18,"column":27}},"12":{"start":{"line":19,"column":8},"end":{"line":19,"column":47}},"13":{"start":{"line":13,"column":13},"end":{"line":13,"column":26}},"14":{"start":{"line":23,"column":26},"end":{"line":36,"column":1}},"15":{"start":{"line":24,"column":4},"end":{"line":35,"column":5}},"16":{"start":{"line":25,"column":8},"end":{"line":29,"column":11}},"17":{"start":{"line":30,"column":8},"end":{"line":30,"column":39}},"18":{"start":{"line":33,"column":8},"end":{"line":33,"column":27}},"19":{"start":{"line":34,"column":8},"end":{"line":34,"column":47}},"20":{"start":{"line":23,"column":13},"end":{"line":23,"column":26}}},"fnMap":{"0":{"name":"(anonymous_0)","decl":{"start":{"line":4,"column":27},"end":{"line":4,"column":32}},"loc":{"start":{"line":4,"column":65},"end":{"line":11,"column":1}}},"1":{"name":"(anonymous_1)","decl":{"start":{"line":13,"column":26},"end":{"line":13,"column":31}},"loc":{"start":{"line":13,"column":64},"end":{"line":21,"column":1}}},"2":{"name":"(anonymous_2)","decl":{"start":{"line":23,"column":26},"end":{"line":23,"column":31}},"loc":{"start":{"line":23,"column":64},"end":{"line":36,"column":1}}}},"branchMap":{},"s":{"0":1,"1":1,"2":2,"3":2,"4":1,"5":1,"6":1,"7":1,"8":2,"9":2,"10":1,"11":1,"12":1,"13":1,"14":1,"15":2,"16":2,"17":1,"18":1,"19":1,"20":1},"f":{"0":2,"1":2,"2":2},"b":{}}
,"C:\\Users\\user\\Desktop\\BLOC2\\DEV III\\Projet_DEVIII\\group-ajl\\server\\src\\controllers\\UserControllers.ts": {"path":"C:\\Users\\user\\Desktop\\BLOC2\\DEV III\\Projet_DEVIII\\group-ajl\\server\\src\\controllers\\UserControllers.ts","statementMap":{"0":{"start":{"line":2,"column":0},"end":{"line":2,"column":60}},"1":{"start":{"line":3,"column":0},"end":{"line":3,"column":39}},"2":{"start":{"line":4,"column":0},"end":{"line":4,"column":38}},"3":{"start":{"line":5,"column":0},"end":{"line":5,"column":28}},"4":{"start":{"line":6,"column":0},"end":{"line":6,"column":31}},"5":{"start":{"line":9,"column":27},"end":{"line":16,"column":1}},"6":{"start":{"line":10,"column":4},"end":{"line":15,"column":5}},"7":{"start":{"line":11,"column":22},"end":{"line":11,"column":43}},"8":{"start":{"line":12,"column":8},"end":{"line":12,"column":36}},"9":{"start":{"line":14,"column":8},"end":{"line":14,"column":64}},"10":{"start":{"line":9,"column":13},"end":{"line":9,"column":27}},"11":{"start":{"line":19,"column":26},"end":{"line":36,"column":1}},"12":{"start":{"line":20,"column":4},"end":{"line":35,"column":5}},"13":{"start":{"line":21,"column":47},"end":{"line":21,"column":55}},"14":{"start":{"line":24,"column":21},"end":{"line":24,"column":45}},"15":{"start":{"line":25,"column":31},"end":{"line":25,"column":64}},"16":{"start":{"line":27,"column":24},"end":{"line":31,"column":10}},"17":{"start":{"line":32,"column":8},"end":{"line":32,"column":38}},"18":{"start":{"line":34,"column":8},"end":{"line":34,"column":87}},"19":{"start":{"line":19,"column":13},"end":{"line":19,"column":26}},"20":{"start":{"line":39,"column":34},"end":{"line":56,"column":1}},"21":{"start":{"line":40,"column":4},"end":{"line":55,"column":5}},"22":{"start":{"line":41,"column":28},"end":{"line":41,"column":38}},"23":{"start":{"line":43,"column":26},"end":{"line":51,"column":10}},"24":{"start":{"line":52,"column":8},"end":{"line":52,"column":40}},"25":{"start":{"line":54,"column":8},"end":{"line":54,"column":64}},"26":{"start":{"line":39,"column":13},"end":{"line":39,"column":34}},"27":{"start":{"line":59,"column":39},"end":{"line":84,"column":1}},"28":{"start":{"line":60,"column":4},"end":{"line":83,"column":5}},"29":{"start":{"line":61,"column":24},"end":{"line":61,"column":52}},"30":{"start":{"line":62,"column":28},"end":{"line":62,"column":36}},"31":{"start":{"line":65,"column":26},"end":{"line":65,"column":47}},"32":{"start":{"line":67,"column":21},"end":{"line":67,"column":52}},"33":{"start":{"line":68,"column":8},"end":{"line":68,"column":85}},"34":{"start":{"line":68,"column":19},"end":{"line":68,"column":85}},"35":{"start":{"line":70,"column":21},"end":{"line":70,"column":49}},"36":{"start":{"line":71,"column":8},"end":{"line":71,"column":78}},"37":{"start":{"line":71,"column":19},"end":{"line":71,"column":78}},"38":{"start":{"line":73,"column":26},"end":{"line":77,"column":10}},"39":{"start":{"line":79,"column":8},"end":{"line":79,"column":40}},"40":{"start":{"line":81,"column":8},"end":{"line":81,"column":29}},"41":{"start":{"line":82,"column":8},"end":{"line":82,"column":74}},"42":{"start":{"line":59,"column":13},"end":{"line":59,"column":39}},"43":{"start":{"line":87,"column":26},"end":{"line":99,"column":1}},"44":{"start":{"line":88,"column":4},"end":{"line":98,"column":5}},"45":{"start":{"line":89,"column":23},"end":{"line":89,"column":33}},"46":{"start":{"line":90,"column":24},"end":{"line":92,"column":10}},"47":{"start":{"line":94,"column":8},"end":{"line":95,"column":73}},"48":{"start":{"line":94,"column":21},"end":{"line":94,"column":44}},"49":{"start":{"line":95,"column":13},"end":{"line":95,"column":73}},"50":{"start":{"line":97,"column":8},"end":{"line":97,"column":58}},"51":{"start":{"line":87,"column":13},"end":{"line":87,"column":26}},"52":{"start":{"line":102,"column":40},"end":{"line":121,"column":1}},"53":{"start":{"line":103,"column":4},"end":{"line":120,"column":5}},"54":{"start":{"line":104,"column":37},"end":{"line":104,"column":47}},"55":{"start":{"line":106,"column":24},"end":{"line":111,"column":10}},"56":{"start":{"line":113,"column":8},"end":{"line":115,"column":9}},"57":{"start":{"line":114,"column":12},"end":{"line":114,"column":88}},"58":{"start":{"line":117,"column":8},"end":{"line":117,"column":31}},"59":{"start":{"line":119,"column":8},"end":{"line":119,"column":58}},"60":{"start":{"line":102,"column":13},"end":{"line":102,"column":40}},"61":{"start":{"line":123,"column":27},"end":{"line":143,"column":1}},"62":{"start":{"line":124,"column":4},"end":{"line":142,"column":5}},"63":{"start":{"line":125,"column":28},"end":{"line":125,"column":61}},"64":{"start":{"line":127,"column":8},"end":{"line":129,"column":9}},"65":{"start":{"line":128,"column":12},"end":{"line":128,"column":66}},"66":{"start":{"line":131,"column":21},"end":{"line":133,"column":10}},"67":{"start":{"line":135,"column":8},"end":{"line":137,"column":9}},"68":{"start":{"line":136,"column":12},"end":{"line":136,"column":77}},"69":{"start":{"line":139,"column":8},"end":{"line":139,"column":35}},"70":{"start":{"line":141,"column":8},"end":{"line":141,"column":58}},"71":{"start":{"line":123,"column":13},"end":{"line":123,"column":27}},"72":{"start":{"line":146,"column":25},"end":{"line":180,"column":1}},"73":{"start":{"line":147,"column":4},"end":{"line":179,"column":5}},"74":{"start":{"line":148,"column":35},"end":{"line":148,"column":43}},"75":{"start":{"line":151,"column":21},"end":{"line":151,"column":61}},"76":{"start":{"line":152,"column":8},"end":{"line":154,"column":9}},"77":{"start":{"line":153,"column":12},"end":{"line":153,"column":87}},"78":{"start":{"line":156,"column":25},"end":{"line":156,"column":36}},"79":{"start":{"line":159,"column":30},"end":{"line":159,"column":84}},"80":{"start":{"line":160,"column":8},"end":{"line":162,"column":9}},"81":{"start":{"line":161,"column":12},"end":{"line":161,"column":87}},"82":{"start":{"line":165,"column":22},"end":{"line":168,"column":null}},"83":{"start":{"line":171,"column":8},"end":{"line":175,"column":11}},"84":{"start":{"line":178,"column":8},"end":{"line":178,"column":79}},"85":{"start":{"line":146,"column":13},"end":{"line":146,"column":25}}},"fnMap":{"0":{"name":"(anonymous_0)","decl":{"start":{"line":9,"column":27},"end":{"line":9,"column":32}},"loc":{"start":{"line":9,"column":65},"end":{"line":16,"column":1}}},"1":{"name":"(anonymous_1)","decl":{"start":{"line":19,"column":26},"end":{"line":19,"column":31}},"loc":{"start":{"line":19,"column":64},"end":{"line":36,"column":1}}},"2":{"name":"(anonymous_2)","decl":{"start":{"line":39,"column":34},"end":{"line":39,"column":39}},"loc":{"start":{"line":39,"column":72},"end":{"line":56,"column":1}}},"3":{"name":"(anonymous_3)","decl":{"start":{"line":59,"column":39},"end":{"line":59,"column":44}},"loc":{"start":{"line":59,"column":77},"end":{"line":84,"column":1}}},"4":{"name":"(anonymous_4)","decl":{"start":{"line":87,"column":26},"end":{"line":87,"column":31}},"loc":{"start":{"line":87,"column":64},"end":{"line":99,"column":1}}},"5":{"name":"(anonymous_5)","decl":{"start":{"line":102,"column":40},"end":{"line":102,"column":45}},"loc":{"start":{"line":102,"column":78},"end":{"line":121,"column":1}}},"6":{"name":"(anonymous_6)","decl":{"start":{"line":123,"column":27},"end":{"line":123,"column":32}},"loc":{"start":{"line":123,"column":65},"end":{"line":143,"column":1}}},"7":{"name":"(anonymous_7)","decl":{"start":{"line":146,"column":25},"end":{"line":146,"column":30}},"loc":{"start":{"line":146,"column":63},"end":{"line":180,"column":1}}}},"branchMap":{"0":{"loc":{"start":{"line":68,"column":8},"end":{"line":68,"column":85}},"type":"if","locations":[{"start":{"line":68,"column":8},"end":{"line":68,"column":85}},{"start":{},"end":{}}]},"1":{"loc":{"start":{"line":71,"column":8},"end":{"line":71,"column":78}},"type":"if","locations":[{"start":{"line":71,"column":8},"end":{"line":71,"column":78}},{"start":{},"end":{}}]},"2":{"loc":{"start":{"line":94,"column":8},"end":{"line":95,"column":73}},"type":"if","locations":[{"start":{"line":94,"column":8},"end":{"line":95,"column":73}},{"start":{"line":95,"column":13},"end":{"line":95,"column":73}}]},"3":{"loc":{"start":{"line":113,"column":8},"end":{"line":115,"column":9}},"type":"if","locations":[{"start":{"line":113,"column":8},"end":{"line":115,"column":9}},{"start":{},"end":{}}]},"4":{"loc":{"start":{"line":127,"column":8},"end":{"line":129,"column":9}},"type":"if","locations":[{"start":{"line":127,"column":8},"end":{"line":129,"column":9}},{"start":{},"end":{}}]},"5":{"loc":{"start":{"line":135,"column":8},"end":{"line":137,"column":9}},"type":"if","locations":[{"start":{"line":135,"column":8},"end":{"line":137,"column":9}},{"start":{},"end":{}}]},"6":{"loc":{"start":{"line":152,"column":8},"end":{"line":154,"column":9}},"type":"if","locations":[{"start":{"line":152,"column":8},"end":{"line":154,"column":9}},{"start":{},"end":{}}]},"7":{"loc":{"start":{"line":160,"column":8},"end":{"line":162,"column":9}},"type":"if","locations":[{"start":{"line":160,"column":8},"end":{"line":162,"column":9}},{"start":{},"end":{}}]},"8":{"loc":{"start":{"line":167,"column":12},"end":{"line":167,"column":54}},"type":"binary-expr","locations":[{"start":{"line":167,"column":12},"end":{"line":167,"column":34}},{"start":{"line":167,"column":38},"end":{"line":167,"column":54}}]}},"s":{"0":1,"1":1,"2":1,"3":1,"4":1,"5":1,"6":2,"7":2,"8":1,"9":1,"10":1,"11":1,"12":2,"13":2,"14":2,"15":2,"16":2,"17":1,"18":1,"19":1,"20":1,"21":2,"22":2,"23":2,"24":1,"25":1,"26":1,"27":1,"28":4,"29":4,"30":4,"31":4,"32":4,"33":3,"34":1,"35":2,"36":2,"37":1,"38":1,"39":1,"40":1,"41":1,"42":1,"43":1,"44":3,"45":3,"46":3,"47":2,"48":1,"49":1,"50":1,"51":1,"52":1,"53":3,"54":3,"55":3,"56":2,"57":1,"58":1,"59":1,"60":1,"61":1,"62":3,"63":3,"64":3,"65":0,"66":3,"67":2,"68":1,"69":1,"70":1,"71":1,"72":1,"73":4,"74":4,"75":4,"76":3,"77":1,"78":2,"79":2,"80":2,"81":1,"82":1,"83":1,"84":1,"85":1},"f":{"0":2,"1":2,"2":2,"3":4,"4":3,"5":3,"6":3,"7":4},"b":{"0":[1,2],"1":[1,1],"2":[1,1],"3":[1,1],"4":[0,3],"5":[1,1],"6":[1,2],"7":[1,1],"8":[1,1]}}
,"C:\\Users\\user\\Desktop\\BLOC2\\DEV III\\Projet_DEVIII\\group-ajl\\server\\src\\controllers\\filmControllers.ts": {"path":"C:\\Users\\user\\Desktop\\BLOC2\\DEV III\\Projet_DEVIII\\group-ajl\\server\\src\\controllers\\filmControllers.ts","statementMap":{"0":{"start":{"line":2,"column":0},"end":{"line":2,"column":46}},"1":{"start":{"line":3,"column":0},"end":{"line":3,"column":38}},"2":{"start":{"line":4,"column":0},"end":{"line":4,"column":52}},"3":{"start":{"line":5,"column":0},"end":{"line":5,"column":40}},"4":{"start":{"line":6,"column":0},"end":{"line":6,"column":49}},"5":{"start":{"line":7,"column":0},"end":{"line":7,"column":42}},"6":{"start":{"line":10,"column":27},"end":{"line":43,"column":1}},"7":{"start":{"line":11,"column":4},"end":{"line":42,"column":5}},"8":{"start":{"line":12,"column":22},"end":{"line":36,"column":10}},"9":{"start":{"line":38,"column":8},"end":{"line":38,"column":36}},"10":{"start":{"line":40,"column":8},"end":{"line":40,"column":75}},"11":{"start":{"line":41,"column":8},"end":{"line":41,"column":60}},"12":{"start":{"line":10,"column":13},"end":{"line":10,"column":27}},"13":{"start":{"line":46,"column":27},"end":{"line":84,"column":1}},"14":{"start":{"line":47,"column":4},"end":{"line":83,"column":5}},"15":{"start":{"line":48,"column":19},"end":{"line":48,"column":56}},"16":{"start":{"line":50,"column":21},"end":{"line":73,"column":10}},"17":{"start":{"line":75,"column":8},"end":{"line":79,"column":9}},"18":{"start":{"line":76,"column":12},"end":{"line":76,"column":39}},"19":{"start":{"line":78,"column":12},"end":{"line":78,"column":65}},"20":{"start":{"line":81,"column":8},"end":{"line":81,"column":58}},"21":{"start":{"line":82,"column":8},"end":{"line":82,"column":64}},"22":{"start":{"line":46,"column":13},"end":{"line":46,"column":27}},"23":{"start":{"line":87,"column":26},"end":{"line":94,"column":1}},"24":{"start":{"line":88,"column":4},"end":{"line":93,"column":5}},"25":{"start":{"line":89,"column":28},"end":{"line":89,"column":55}},"26":{"start":{"line":90,"column":8},"end":{"line":90,"column":42}},"27":{"start":{"line":92,"column":8},"end":{"line":92,"column":64}},"28":{"start":{"line":87,"column":13},"end":{"line":87,"column":26}},"29":{"start":{"line":97,"column":26},"end":{"line":106,"column":1}},"30":{"start":{"line":98,"column":4},"end":{"line":105,"column":5}},"31":{"start":{"line":100,"column":24},"end":{"line":100,"column":81}},"32":{"start":{"line":101,"column":8},"end":{"line":102,"column":66}},"33":{"start":{"line":101,"column":21},"end":{"line":101,"column":44}},"34":{"start":{"line":102,"column":13},"end":{"line":102,"column":66}},"35":{"start":{"line":104,"column":8},"end":{"line":104,"column":64}},"36":{"start":{"line":97,"column":13},"end":{"line":97,"column":26}},"37":{"start":{"line":109,"column":33},"end":{"line":111,"column":1}},"38":{"start":{"line":110,"column":4},"end":{"line":110,"column":56}},"39":{"start":{"line":109,"column":13},"end":{"line":109,"column":33}},"40":{"start":{"line":113,"column":32},"end":{"line":115,"column":1}},"41":{"start":{"line":114,"column":4},"end":{"line":114,"column":56}},"42":{"start":{"line":113,"column":13},"end":{"line":113,"column":32}}},"fnMap":{"0":{"name":"(anonymous_0)","decl":{"start":{"line":10,"column":27},"end":{"line":10,"column":32}},"loc":{"start":{"line":10,"column":65},"end":{"line":43,"column":1}}},"1":{"name":"(anonymous_1)","decl":{"start":{"line":46,"column":27},"end":{"line":46,"column":32}},"loc":{"start":{"line":46,"column":65},"end":{"line":84,"column":1}}},"2":{"name":"(anonymous_2)","decl":{"start":{"line":87,"column":26},"end":{"line":87,"column":31}},"loc":{"start":{"line":87,"column":64},"end":{"line":94,"column":1}}},"3":{"name":"(anonymous_3)","decl":{"start":{"line":97,"column":26},"end":{"line":97,"column":31}},"loc":{"start":{"line":97,"column":64},"end":{"line":106,"column":1}}},"4":{"name":"(anonymous_4)","decl":{"start":{"line":109,"column":33},"end":{"line":109,"column":38}},"loc":{"start":{"line":109,"column":71},"end":{"line":111,"column":1}}},"5":{"name":"(anonymous_5)","decl":{"start":{"line":113,"column":32},"end":{"line":113,"column":37}},"loc":{"start":{"line":113,"column":70},"end":{"line":115,"column":1}}}},"branchMap":{"0":{"loc":{"start":{"line":75,"column":8},"end":{"line":79,"column":9}},"type":"if","locations":[{"start":{"line":75,"column":8},"end":{"line":79,"column":9}},{"start":{"line":77,"column":15},"end":{"line":79,"column":9}}]},"1":{"loc":{"start":{"line":101,"column":8},"end":{"line":102,"column":66}},"type":"if","locations":[{"start":{"line":101,"column":8},"end":{"line":102,"column":66}},{"start":{"line":102,"column":13},"end":{"line":102,"column":66}}]}},"s":{"0":1,"1":1,"2":1,"3":1,"4":1,"5":1,"6":1,"7":2,"8":2,"9":1,"10":1,"11":1,"12":1,"13":1,"14":3,"15":3,"16":3,"17":2,"18":1,"19":1,"20":1,"21":1,"22":1,"23":1,"24":2,"25":2,"26":1,"27":1,"28":1,"29":1,"30":3,"31":3,"32":2,"33":1,"34":1,"35":1,"36":1,"37":1,"38":1,"39":1,"40":1,"41":1,"42":1},"f":{"0":2,"1":3,"2":2,"3":3,"4":1,"5":1},"b":{"0":[1,1],"1":[1,1]}}
,"C:\\Users\\user\\Desktop\\BLOC2\\DEV III\\Projet_DEVIII\\group-ajl\\server\\src\\controllers\\user_noteControllers.ts": {"path":"C:\\Users\\user\\Desktop\\BLOC2\\DEV III\\Projet_DEVIII\\group-ajl\\server\\src\\controllers\\user_noteControllers.ts","statementMap":{"0":{"start":{"line":2,"column":0},"end":{"line":2,"column":48}},"1":{"start":{"line":3,"column":0},"end":{"line":3,"column":38}},"2":{"start":{"line":4,"column":0},"end":{"line":4,"column":38}},"3":{"start":{"line":7,"column":31},"end":{"line":19,"column":1}},"4":{"start":{"line":8,"column":4},"end":{"line":18,"column":5}},"5":{"start":{"line":9,"column":22},"end":{"line":14,"column":10}},"6":{"start":{"line":15,"column":8},"end":{"line":15,"column":36}},"7":{"start":{"line":17,"column":8},"end":{"line":17,"column":64}},"8":{"start":{"line":7,"column":13},"end":{"line":7,"column":31}},"9":{"start":{"line":22,"column":31},"end":{"line":51,"column":1}},"10":{"start":{"line":23,"column":4},"end":{"line":50,"column":5}},"11":{"start":{"line":24,"column":56},"end":{"line":24,"column":64}},"12":{"start":{"line":27,"column":27},"end":{"line":27,"column":55}},"13":{"start":{"line":28,"column":8},"end":{"line":30,"column":9}},"14":{"start":{"line":29,"column":12},"end":{"line":29,"column":78}},"15":{"start":{"line":33,"column":27},"end":{"line":33,"column":55}},"16":{"start":{"line":34,"column":8},"end":{"line":36,"column":9}},"17":{"start":{"line":35,"column":12},"end":{"line":35,"column":71}},"18":{"start":{"line":38,"column":29},"end":{"line":43,"column":10}},"19":{"start":{"line":45,"column":8},"end":{"line":45,"column":43}},"20":{"start":{"line":48,"column":8},"end":{"line":48,"column":62}},"21":{"start":{"line":49,"column":8},"end":{"line":49,"column":89}},"22":{"start":{"line":22,"column":13},"end":{"line":22,"column":31}},"23":{"start":{"line":54,"column":31},"end":{"line":75,"column":1}},"24":{"start":{"line":55,"column":4},"end":{"line":74,"column":5}},"25":{"start":{"line":56,"column":37},"end":{"line":56,"column":47}},"26":{"start":{"line":58,"column":24},"end":{"line":63,"column":10}},"27":{"start":{"line":65,"column":8},"end":{"line":67,"column":9}},"28":{"start":{"line":66,"column":12},"end":{"line":66,"column":71}},"29":{"start":{"line":69,"column":8},"end":{"line":69,"column":31}},"30":{"start":{"line":72,"column":8},"end":{"line":72,"column":62}},"31":{"start":{"line":73,"column":8},"end":{"line":73,"column":47}},"32":{"start":{"line":54,"column":13},"end":{"line":54,"column":31}},"33":{"start":{"line":78,"column":32},"end":{"line":93,"column":1}},"34":{"start":{"line":79,"column":4},"end":{"line":92,"column":5}},"35":{"start":{"line":80,"column":28},"end":{"line":80,"column":61}},"36":{"start":{"line":82,"column":22},"end":{"line":87,"column":10}},"37":{"start":{"line":89,"column":8},"end":{"line":89,"column":36}},"38":{"start":{"line":91,"column":8},"end":{"line":91,"column":84}},"39":{"start":{"line":78,"column":13},"end":{"line":78,"column":32}},"40":{"start":{"line":96,"column":34},"end":{"line":111,"column":1}},"41":{"start":{"line":97,"column":4},"end":{"line":110,"column":5}},"42":{"start":{"line":98,"column":37},"end":{"line":98,"column":47}},"43":{"start":{"line":99,"column":21},"end":{"line":101,"column":10}},"44":{"start":{"line":103,"column":8},"end":{"line":105,"column":9}},"45":{"start":{"line":104,"column":12},"end":{"line":104,"column":46}},"46":{"start":{"line":107,"column":8},"end":{"line":107,"column":42}},"47":{"start":{"line":109,"column":8},"end":{"line":109,"column":65}},"48":{"start":{"line":96,"column":13},"end":{"line":96,"column":34}},"49":{"start":{"line":114,"column":31},"end":{"line":137,"column":1}},"50":{"start":{"line":115,"column":4},"end":{"line":136,"column":5}},"51":{"start":{"line":116,"column":37},"end":{"line":116,"column":47}},"52":{"start":{"line":117,"column":38},"end":{"line":117,"column":46}},"53":{"start":{"line":119,"column":26},"end":{"line":121,"column":null}},"54":{"start":{"line":124,"column":8},"end":{"line":126,"column":9}},"55":{"start":{"line":125,"column":12},"end":{"line":125,"column":104}},"56":{"start":{"line":128,"column":28},"end":{"line":130,"column":10}},"57":{"start":{"line":132,"column":8},"end":{"line":132,"column":42}},"58":{"start":{"line":134,"column":8},"end":{"line":134,"column":62}},"59":{"start":{"line":135,"column":8},"end":{"line":135,"column":82}},"60":{"start":{"line":114,"column":13},"end":{"line":114,"column":31}},"61":{"start":{"line":140,"column":31},"end":{"line":159,"column":1}},"62":{"start":{"line":141,"column":4},"end":{"line":158,"column":5}},"63":{"start":{"line":142,"column":28},"end":{"line":142,"column":38}},"64":{"start":{"line":144,"column":22},"end":{"line":152,"column":10}},"65":{"start":{"line":154,"column":8},"end":{"line":154,"column":36}},"66":{"start":{"line":156,"column":8},"end":{"line":156,"column":62}},"67":{"start":{"line":157,"column":8},"end":{"line":157,"column":83}},"68":{"start":{"line":140,"column":13},"end":{"line":140,"column":31}}},"fnMap":{"0":{"name":"(anonymous_0)","decl":{"start":{"line":7,"column":31},"end":{"line":7,"column":36}},"loc":{"start":{"line":7,"column":69},"end":{"line":19,"column":1}}},"1":{"name":"(anonymous_1)","decl":{"start":{"line":22,"column":31},"end":{"line":22,"column":36}},"loc":{"start":{"line":22,"column":69},"end":{"line":51,"column":1}}},"2":{"name":"(anonymous_2)","decl":{"start":{"line":54,"column":31},"end":{"line":54,"column":36}},"loc":{"start":{"line":54,"column":69},"end":{"line":75,"column":1}}},"3":{"name":"(anonymous_3)","decl":{"start":{"line":78,"column":32},"end":{"line":78,"column":37}},"loc":{"start":{"line":78,"column":70},"end":{"line":93,"column":1}}},"4":{"name":"(anonymous_4)","decl":{"start":{"line":96,"column":34},"end":{"line":96,"column":39}},"loc":{"start":{"line":96,"column":72},"end":{"line":111,"column":1}}},"5":{"name":"(anonymous_5)","decl":{"start":{"line":114,"column":31},"end":{"line":114,"column":36}},"loc":{"start":{"line":114,"column":69},"end":{"line":137,"column":1}}},"6":{"name":"(anonymous_6)","decl":{"start":{"line":140,"column":31},"end":{"line":140,"column":36}},"loc":{"start":{"line":140,"column":69},"end":{"line":159,"column":1}}}},"branchMap":{"0":{"loc":{"start":{"line":28,"column":8},"end":{"line":30,"column":9}},"type":"if","locations":[{"start":{"line":28,"column":8},"end":{"line":30,"column":9}},{"start":{},"end":{}}]},"1":{"loc":{"start":{"line":34,"column":8},"end":{"line":36,"column":9}},"type":"if","locations":[{"start":{"line":34,"column":8},"end":{"line":36,"column":9}},{"start":{},"end":{}}]},"2":{"loc":{"start":{"line":65,"column":8},"end":{"line":67,"column":9}},"type":"if","locations":[{"start":{"line":65,"column":8},"end":{"line":67,"column":9}},{"start":{},"end":{}}]},"3":{"loc":{"start":{"line":103,"column":8},"end":{"line":105,"column":9}},"type":"if","locations":[{"start":{"line":103,"column":8},"end":{"line":105,"column":9}},{"start":{},"end":{}}]},"4":{"loc":{"start":{"line":124,"column":8},"end":{"line":126,"column":9}},"type":"if","locations":[{"start":{"line":124,"column":8},"end":{"line":126,"column":9}},{"start":{},"end":{}}]}},"s":{"0":1,"1":1,"2":1,"3":1,"4":2,"5":2,"6":1,"7":1,"8":1,"9":1,"10":4,"11":4,"12":4,"13":3,"14":1,"15":2,"16":2,"17":1,"18":1,"19":1,"20":1,"21":1,"22":1,"23":1,"24":3,"25":3,"26":3,"27":2,"28":1,"29":1,"30":1,"31":1,"32":1,"33":1,"34":2,"35":2,"36":2,"37":1,"38":1,"39":1,"40":1,"41":3,"42":3,"43":3,"44":2,"45":1,"46":1,"47":1,"48":1,"49":1,"50":3,"51":3,"52":3,"53":3,"54":2,"55":1,"56":1,"57":1,"58":1,"59":1,"60":1,"61":1,"62":2,"63":2,"64":2,"65":1,"66":1,"67":1,"68":1},"f":{"0":2,"1":4,"2":3,"3":2,"4":3,"5":3,"6":2},"b":{"0":[1,2],"1":[1,1],"2":[1,1],"3":[1,1],"4":[1,1]}}
,"C:\\Users\\user\\Desktop\\BLOC2\\DEV III\\Projet_DEVIII\\group-ajl\\server\\src\\middlewares\\authMiddleware.ts": {"path":"C:\\Users\\user\\Desktop\\BLOC2\\DEV III\\Projet_DEVIII\\group-ajl\\server\\src\\middlewares\\authMiddleware.ts","statementMap":{"0":{"start":{"line":2,"column":0},"end":{"line":2,"column":31}},"1":{"start":{"line":4,"column":27},"end":{"line":17,"column":1}},"2":{"start":{"line":6,"column":23},"end":{"line":6,"column":51}},"3":{"start":{"line":7,"column":18},"end":{"line":7,"column":56}},"4":{"start":{"line":9,"column":4},"end":{"line":9,"column":71}},"5":{"start":{"line":9,"column":16},"end":{"line":9,"column":71}},"6":{"start":{"line":11,"column":4},"end":{"line":16,"column":7}},"7":{"start":{"line":12,"column":8},"end":{"line":12,"column":74}},"8":{"start":{"line":12,"column":17},"end":{"line":12,"column":74}},"9":{"start":{"line":14,"column":9},"end":{"line":14,"column":36}},"10":{"start":{"line":15,"column":8},"end":{"line":15,"column":15}},"11":{"start":{"line":4,"column":13},"end":{"line":4,"column":27}}},"fnMap":{"0":{"name":"(anonymous_0)","decl":{"start":{"line":4,"column":27},"end":{"line":4,"column":28}},"loc":{"start":{"line":4,"column":79},"end":{"line":17,"column":1}}},"1":{"name":"(anonymous_1)","decl":{"start":{"line":11,"column":66},"end":{"line":11,"column":67}},"loc":{"start":{"line":11,"column":83},"end":{"line":16,"column":5}}}},"branchMap":{"0":{"loc":{"start":{"line":7,"column":18},"end":{"line":7,"column":56}},"type":"binary-expr","locations":[{"start":{"line":7,"column":18},"end":{"line":7,"column":28}},{"start":{"line":7,"column":32},"end":{"line":7,"column":56}}]},"1":{"loc":{"start":{"line":9,"column":4},"end":{"line":9,"column":71}},"type":"if","locations":[{"start":{"line":9,"column":4},"end":{"line":9,"column":71}},{"start":{},"end":{}}]},"2":{"loc":{"start":{"line":11,"column":22},"end":{"line":11,"column":64}},"type":"binary-expr","locations":[{"start":{"line":11,"column":22},"end":{"line":11,"column":44}},{"start":{"line":11,"column":48},"end":{"line":11,"column":64}}]},"3":{"loc":{"start":{"line":12,"column":8},"end":{"line":12,"column":74}},"type":"if","locations":[{"start":{"line":12,"column":8},"end":{"line":12,"column":74}},{"start":{},"end":{}}]}},"s":{"0":1,"1":1,"2":4,"3":4,"4":4,"5":2,"6":2,"7":2,"8":1,"9":1,"10":1,"11":1},"f":{"0":4,"1":2},"b":{"0":[4,2],"1":[2,2],"2":[2,2],"3":[1,1]}}
,"C:\\Users\\user\\Desktop\\BLOC2\\DEV III\\Projet_DEVIII\\group-ajl\\server\\src\\middlewares\\checkIdParam.ts": {"path":"C:\\Users\\user\\Desktop\\BLOC2\\DEV III\\Projet_DEVIII\\group-ajl\\server\\src\\middlewares\\checkIdParam.ts","statementMap":{"0":{"start":{"line":3,"column":28},"end":{"line":17,"column":1}},"1":{"start":{"line":8,"column":2},"end":{"line":14,"column":3}},"2":{"start":{"line":9,"column":4},"end":{"line":13,"column":5}},"3":{"start":{"line":10,"column":6},"end":{"line":12,"column":9}},"4":{"start":{"line":16,"column":2},"end":{"line":16,"column":9}},"5":{"start":{"line":3,"column":13},"end":{"line":3,"column":28}}},"fnMap":{"0":{"name":"(anonymous_0)","decl":{"start":{"line":3,"column":28},"end":{"line":3,"column":null}},"loc":{"start":{"line":7,"column":4},"end":{"line":17,"column":1}}}},"branchMap":{"0":{"loc":{"start":{"line":9,"column":4},"end":{"line":13,"column":5}},"type":"if","locations":[{"start":{"line":9,"column":4},"end":{"line":13,"column":5}},{"start":{},"end":{}}]}},"s":{"0":1,"1":5,"2":6,"3":2,"4":3,"5":1},"f":{"0":5},"b":{"0":[2,4]}}
,"C:\\Users\\user\\Desktop\\BLOC2\\DEV III\\Projet_DEVIII\\group-ajl\\server\\src\\middlewares\\errorHandler.ts": {"path":"C:\\Users\\user\\Desktop\\BLOC2\\DEV III\\Projet_DEVIII\\group-ajl\\server\\src\\middlewares\\errorHandler.ts","statementMap":{"0":{"start":{"line":3,"column":28},"end":{"line":8,"column":1}},"1":{"start":{"line":4,"column":4},"end":{"line":4,"column":23}},"2":{"start":{"line":5,"column":19},"end":{"line":5,"column":36}},"3":{"start":{"line":6,"column":16},"end":{"line":6,"column":47}},"4":{"start":{"line":7,"column":4},"end":{"line":7,"column":null}},"5":{"start":{"line":3,"column":13},"end":{"line":3,"column":28}}},"fnMap":{"0":{"name":"(anonymous_0)","decl":{"start":{"line":3,"column":28},"end":{"line":3,"column":29}},"loc":{"start":{"line":3,"column":90},"end":{"line":8,"column":1}}}},"branchMap":{"0":{"loc":{"start":{"line":5,"column":19},"end":{"line":5,"column":36}},"type":"binary-expr","locations":[{"start":{"line":5,"column":19},"end":{"line":5,"column":29}},{"start":{"line":5,"column":33},"end":{"line":5,"column":36}}]},"1":{"loc":{"start":{"line":6,"column":16},"end":{"line":6,"column":47}},"type":"binary-expr","locations":[{"start":{"line":6,"column":16},"end":{"line":6,"column":27}},{"start":{"line":6,"column":31},"end":{"line":6,"column":47}}]}},"s":{"0":1,"1":3,"2":3,"3":3,"4":3,"5":1},"f":{"0":3},"b":{"0":[3,2],"1":[3,1]}}
,"C:\\Users\\user\\Desktop\\BLOC2\\DEV III\\Projet_DEVIII\\group-ajl\\server\\src\\middlewares\\logger.ts": {"path":"C:\\Users\\user\\Desktop\\BLOC2\\DEV III\\Projet_DEVIII\\group-ajl\\server\\src\\middlewares\\logger.ts","statementMap":{"0":{"start":{"line":3,"column":29},"end":{"line":9,"column":1}},"1":{"start":{"line":5,"column":4},"end":{"line":7,"column":5}},"2":{"start":{"line":6,"column":8},"end":{"line":6,"column":78}},"3":{"start":{"line":8,"column":4},"end":{"line":8,"column":11}},"4":{"start":{"line":3,"column":13},"end":{"line":3,"column":29}}},"fnMap":{"0":{"name":"(anonymous_0)","decl":{"start":{"line":3,"column":29},"end":{"line":3,"column":30}},"loc":{"start":{"line":3,"column":81},"end":{"line":9,"column":1}}}},"branchMap":{"0":{"loc":{"start":{"line":5,"column":4},"end":{"line":7,"column":5}},"type":"if","locations":[{"start":{"line":5,"column":4},"end":{"line":7,"column":5}},{"start":{},"end":{}}]}},"s":{"0":1,"1":2,"2":1,"3":2,"4":1},"f":{"0":2},"b":{"0":[1,1]}}
,"C:\\Users\\user\\Desktop\\BLOC2\\DEV III\\Projet_DEVIII\\group-ajl\\server\\src\\utils\\password.ts": {"path":"C:\\Users\\user\\Desktop\\BLOC2\\DEV III\\Projet_DEVIII\\group-ajl\\server\\src\\utils\\password.ts","statementMap":{"0":{"start":{"line":1,"column":32},"end":{"line":25,"column":1}},"1":{"start":{"line":2,"column":2},"end":{"line":2,"column":25}},"2":{"start":{"line":2,"column":12},"end":{"line":2,"column":25}},"3":{"start":{"line":3,"column":2},"end":{"line":3,"column":35}},"4":{"start":{"line":3,"column":22},"end":{"line":3,"column":35}},"5":{"start":{"line":4,"column":2},"end":{"line":4,"column":36}},"6":{"start":{"line":4,"column":23},"end":{"line":4,"column":36}},"7":{"start":{"line":6,"column":23},"end":{"line":6,"column":40}},"8":{"start":{"line":7,"column":23},"end":{"line":7,"column":40}},"9":{"start":{"line":8,"column":21},"end":{"line":8,"column":38}},"10":{"start":{"line":9,"column":21},"end":{"line":9,"column":45}},"11":{"start":{"line":11,"column":2},"end":{"line":22,"column":3}},"12":{"start":{"line":13,"column":4},"end":{"line":13,"column":36}},"13":{"start":{"line":13,"column":23},"end":{"line":13,"column":36}},"14":{"start":{"line":14,"column":4},"end":{"line":14,"column":16}},"15":{"start":{"line":15,"column":9},"end":{"line":22,"column":3}},"16":{"start":{"line":17,"column":4},"end":{"line":17,"column":68}},"17":{"start":{"line":17,"column":55},"end":{"line":17,"column":68}},"18":{"start":{"line":18,"column":4},"end":{"line":18,"column":34}},"19":{"start":{"line":18,"column":21},"end":{"line":18,"column":34}},"20":{"start":{"line":21,"column":4},"end":{"line":21,"column":51}},"21":{"start":{"line":21,"column":38},"end":{"line":21,"column":51}},"22":{"start":{"line":24,"column":2},"end":{"line":24,"column":14}},"23":{"start":{"line":1,"column":13},"end":{"line":1,"column":32}}},"fnMap":{"0":{"name":"(anonymous_0)","decl":{"start":{"line":1,"column":32},"end":{"line":1,"column":33}},"loc":{"start":{"line":1,"column":74},"end":{"line":25,"column":1}}}},"branchMap":{"0":{"loc":{"start":{"line":2,"column":2},"end":{"line":2,"column":25}},"type":"if","locations":[{"start":{"line":2,"column":2},"end":{"line":2,"column":25}},{"start":{},"end":{}}]},"1":{"loc":{"start":{"line":3,"column":2},"end":{"line":3,"column":35}},"type":"if","locations":[{"start":{"line":3,"column":2},"end":{"line":3,"column":35}},{"start":{},"end":{}}]},"2":{"loc":{"start":{"line":4,"column":2},"end":{"line":4,"column":36}},"type":"if","locations":[{"start":{"line":4,"column":2},"end":{"line":4,"column":36}},{"start":{},"end":{}}]},"3":{"loc":{"start":{"line":11,"column":2},"end":{"line":22,"column":3}},"type":"if","locations":[{"start":{"line":11,"column":2},"end":{"line":22,"column":3}},{"start":{"line":15,"column":9},"end":{"line":22,"column":3}}]},"4":{"loc":{"start":{"line":13,"column":4},"end":{"line":13,"column":36}},"type":"if","locations":[{"start":{"line":13,"column":4},"end":{"line":13,"column":36}},{"start":{},"end":{}}]},"5":{"loc":{"start":{"line":15,"column":9},"end":{"line":22,"column":3}},"type":"if","locations":[{"start":{"line":15,"column":9},"end":{"line":22,"column":3}},{"start":{"line":19,"column":9},"end":{"line":22,"column":3}}]},"6":{"loc":{"start":{"line":15,"column":13},"end":{"line":15,"column":42}},"type":"binary-expr","locations":[{"start":{"line":15,"column":13},"end":{"line":15,"column":26}},{"start":{"line":15,"column":30},"end":{"line":15,"column":42}}]},"7":{"loc":{"start":{"line":17,"column":4},"end":{"line":17,"column":68}},"type":"if","locations":[{"start":{"line":17,"column":4},"end":{"line":17,"column":68}},{"start":{},"end":{}}]},"8":{"loc":{"start":{"line":17,"column":8},"end":{"line":17,"column":53}},"type":"binary-expr","locations":[{"start":{"line":17,"column":8},"end":{"line":17,"column":21}},{"start":{"line":17,"column":25},"end":{"line":17,"column":38}},{"start":{"line":17,"column":42},"end":{"line":17,"column":53}}]},"9":{"loc":{"start":{"line":18,"column":4},"end":{"line":18,"column":34}},"type":"if","locations":[{"start":{"line":18,"column":4},"end":{"line":18,"column":34}},{"start":{},"end":{}}]},"10":{"loc":{"start":{"line":21,"column":4},"end":{"line":21,"column":51}},"type":"if","locations":[{"start":{"line":21,"column":4},"end":{"line":21,"column":51}},{"start":{},"end":{}}]},"11":{"loc":{"start":{"line":21,"column":8},"end":{"line":21,"column":36}},"type":"binary-expr","locations":[{"start":{"line":21,"column":8},"end":{"line":21,"column":19}},{"start":{"line":21,"column":23},"end":{"line":21,"column":36}}]}},"s":{"0":1,"1":12,"2":1,"3":11,"4":1,"5":10,"6":1,"7":9,"8":9,"9":9,"10":9,"11":9,"12":2,"13":1,"14":1,"15":7,"16":5,"17":3,"18":2,"19":1,"20":2,"21":1,"22":2,"23":1},"f":{"0":12},"b":{"0":[1,11],"1":[1,10],"2":[1,9],"3":[2,7],"4":[1,1],"5":[5,2],"6":[7,7],"7":[3,2],"8":[5,2,2],"9":[1,1],"10":[1,1],"11":[2,1]}}
,"C:\\Users\\user\\Desktop\\BLOC2\\DEV III\\Projet_DEVIII\\group-ajl\\server\\src\\utils\\shipping.ts": {"path":"C:\\Users\\user\\Desktop\\BLOC2\\DEV III\\Projet_DEVIII\\group-ajl\\server\\src\\utils\\shipping.ts","statementMap":{"0":{"start":{"line":44,"column":0},"end":{"line":44,"column":16}},"1":{"start":{"line":50,"column":2},"end":{"line":52,"column":3}},"2":{"start":{"line":51,"column":4},"end":{"line":51,"column":40}},"3":{"start":{"line":54,"column":2},"end":{"line":56,"column":3}},"4":{"start":{"line":55,"column":4},"end":{"line":55,"column":38}},"5":{"start":{"line":59,"column":14},"end":{"line":59,"column":15}},"6":{"start":{"line":61,"column":2},"end":{"line":67,"column":3}},"7":{"start":{"line":62,"column":4},"end":{"line":62,"column":15}},"8":{"start":{"line":63,"column":9},"end":{"line":67,"column":3}},"9":{"start":{"line":64,"column":4},"end":{"line":64,"column":15}},"10":{"start":{"line":66,"column":4},"end":{"line":66,"column":15}},"11":{"start":{"line":70,"column":2},"end":{"line":72,"column":3}},"12":{"start":{"line":71,"column":4},"end":{"line":71,"column":24}},"13":{"start":{"line":75,"column":2},"end":{"line":77,"column":3}},"14":{"start":{"line":76,"column":4},"end":{"line":76,"column":22}},"15":{"start":{"line":79,"column":2},"end":{"line":79,"column":15}}},"fnMap":{"0":{"name":"calculateShipping","decl":{"start":{"line":44,"column":16},"end":{"line":44,"column":33}},"loc":{"start":{"line":47,"column":30},"end":{"line":80,"column":1}}}},"branchMap":{"0":{"loc":{"start":{"line":50,"column":2},"end":{"line":52,"column":3}},"type":"if","locations":[{"start":{"line":50,"column":2},"end":{"line":52,"column":3}},{"start":{},"end":{}}]},"1":{"loc":{"start":{"line":54,"column":2},"end":{"line":56,"column":3}},"type":"if","locations":[{"start":{"line":54,"column":2},"end":{"line":56,"column":3}},{"start":{},"end":{}}]},"2":{"loc":{"start":{"line":54,"column":6},"end":{"line":54,"column":32}},"type":"binary-expr","locations":[{"start":{"line":54,"column":6},"end":{"line":54,"column":17}},{"start":{"line":54,"column":21},"end":{"line":54,"column":32}}]},"3":{"loc":{"start":{"line":61,"column":2},"end":{"line":67,"column":3}},"type":"if","locations":[{"start":{"line":61,"column":2},"end":{"line":67,"column":3}},{"start":{"line":63,"column":9},"end":{"line":67,"column":3}}]},"4":{"loc":{"start":{"line":63,"column":9},"end":{"line":67,"column":3}},"type":"if","locations":[{"start":{"line":63,"column":9},"end":{"line":67,"column":3}},{"start":{"line":65,"column":9},"end":{"line":67,"column":3}}]},"5":{"loc":{"start":{"line":70,"column":2},"end":{"line":72,"column":3}},"type":"if","locations":[{"start":{"line":70,"column":2},"end":{"line":72,"column":3}},{"start":{},"end":{}}]},"6":{"loc":{"start":{"line":75,"column":2},"end":{"line":77,"column":3}},"type":"if","locations":[{"start":{"line":75,"column":2},"end":{"line":77,"column":3}},{"start":{},"end":{}}]}},"s":{"0":1,"1":5,"2":0,"3":5,"4":0,"5":5,"6":5,"7":3,"8":2,"9":1,"10":1,"11":5,"12":4,"13":5,"14":4,"15":5},"f":{"0":5},"b":{"0":[0,5],"1":[0,5],"2":[5,5],"3":[3,2],"4":[1,1],"5":[4,1],"6":[4,1]}}
,"C:\\Users\\user\\Desktop\\BLOC2\\DEV III\\Projet_DEVIII\\group-ajl\\server\\src\\utils\\userValidator.ts": {"path":"C:\\Users\\user\\Desktop\\BLOC2\\DEV III\\Projet_DEVIII\\group-ajl\\server\\src\\utils\\userValidator.ts","statementMap":{"0":{"start":{"line":1,"column":0},"end":{"line":1,"column":16}},"1":{"start":{"line":2,"column":4},"end":{"line":4,"column":5}},"2":{"start":{"line":3,"column":8},"end":{"line":3,"column":21}},"3":{"start":{"line":6,"column":4},"end":{"line":11,"column":5}},"4":{"start":{"line":8,"column":8},"end":{"line":10,"column":9}},"5":{"start":{"line":9,"column":12},"end":{"line":9,"column":25}},"6":{"start":{"line":13,"column":4},"end":{"line":20,"column":5}},"7":{"start":{"line":15,"column":8},"end":{"line":19,"column":9}},"8":{"start":{"line":16,"column":12},"end":{"line":16,"column":null}},"9":{"start":{"line":18,"column":12},"end":{"line":18,"column":24}},"10":{"start":{"line":22,"column":4},"end":{"line":24,"column":5}},"11":{"start":{"line":23,"column":8},"end":{"line":23,"column":40}},"12":{"start":{"line":26,"column":4},"end":{"line":26,"column":16}}},"fnMap":{"0":{"name":"userValidator","decl":{"start":{"line":1,"column":16},"end":{"line":1,"column":29}},"loc":{"start":{"line":1,"column":70},"end":{"line":27,"column":1}}}},"branchMap":{"0":{"loc":{"start":{"line":2,"column":4},"end":{"line":4,"column":5}},"type":"if","locations":[{"start":{"line":2,"column":4},"end":{"line":4,"column":5}},{"start":{},"end":{}}]},"1":{"loc":{"start":{"line":2,"column":7},"end":{"line":2,"column":44}},"type":"binary-expr","locations":[{"start":{"line":2,"column":7},"end":{"line":2,"column":23}},{"start":{"line":2,"column":27},"end":{"line":2,"column":44}}]},"2":{"loc":{"start":{"line":6,"column":4},"end":{"line":11,"column":5}},"type":"if","locations":[{"start":{"line":6,"column":4},"end":{"line":11,"column":5}},{"start":{},"end":{}}]},"3":{"loc":{"start":{"line":8,"column":8},"end":{"line":10,"column":9}},"type":"if","locations":[{"start":{"line":8,"column":8},"end":{"line":10,"column":9}},{"start":{},"end":{}}]},"4":{"loc":{"start":{"line":13,"column":4},"end":{"line":20,"column":5}},"type":"if","locations":[{"start":{"line":13,"column":4},"end":{"line":20,"column":5}},{"start":{},"end":{}}]},"5":{"loc":{"start":{"line":13,"column":7},"end":{"line":13,"column":30}},"type":"binary-expr","locations":[{"start":{"line":13,"column":7},"end":{"line":13,"column":16}},{"start":{"line":13,"column":20},"end":{"line":13,"column":30}}]},"6":{"loc":{"start":{"line":15,"column":8},"end":{"line":19,"column":9}},"type":"if","locations":[{"start":{"line":15,"column":8},"end":{"line":19,"column":9}},{"start":{"line":17,"column":13},"end":{"line":19,"column":9}}]},"7":{"loc":{"start":{"line":15,"column":11},"end":{"line":15,"column":70}},"type":"binary-expr","locations":[{"start":{"line":15,"column":11},"end":{"line":15,"column":31}},{"start":{"line":15,"column":35},"end":{"line":15,"column":51}},{"start":{"line":15,"column":55},"end":{"line":15,"column":70}}]},"8":{"loc":{"start":{"line":22,"column":4},"end":{"line":24,"column":5}},"type":"if","locations":[{"start":{"line":22,"column":4},"end":{"line":24,"column":5}},{"start":{},"end":{}}]}},"s":{"0":1,"1":11,"2":3,"3":8,"4":2,"5":1,"6":7,"7":5,"8":1,"9":4,"10":2,"11":1,"12":1},"f":{"0":11},"b":{"0":[3,8],"1":[11,9],"2":[2,6],"3":[1,1],"4":[5,2],"5":[7,6],"6":[1,4],"7":[5,3,2],"8":[1,1]}}
}
