TN:
SF:src\controllers\UserControllers.ts
FN:9,(anonymous_0)
FN:19,(anonymous_1)
FN:39,(anonymous_2)
FN:59,(anonymous_3)
FN:87,(anonymous_4)
FN:102,(anonymous_5)
FN:123,(anonymous_6)
FN:146,(anonymous_7)
FNF:8
FNH:8
FNDA:2,(anonymous_0)
FNDA:2,(anonymous_1)
FNDA:2,(anonymous_2)
FNDA:4,(anonymous_3)
FNDA:3,(anonymous_4)
FNDA:3,(anonymous_5)
FNDA:3,(anonymous_6)
FNDA:4,(anonymous_7)
DA:2,1
DA:3,1
DA:4,1
DA:5,1
DA:6,1
DA:9,1
DA:10,2
DA:11,2
DA:12,1
DA:14,1
DA:19,1
DA:20,2
DA:21,2
DA:24,2
DA:25,2
DA:27,2
DA:32,1
DA:34,1
DA:39,1
DA:40,2
DA:41,2
DA:43,2
DA:52,1
DA:54,1
DA:59,1
DA:60,4
DA:61,4
DA:62,4
DA:65,4
DA:67,4
DA:68,3
DA:70,2
DA:71,2
DA:73,1
DA:79,1
DA:81,1
DA:82,1
DA:87,1
DA:88,3
DA:89,3
DA:90,3
DA:94,2
DA:95,1
DA:97,1
DA:102,1
DA:103,3
DA:104,3
DA:106,3
DA:113,2
DA:114,1
DA:117,1
DA:119,1
DA:123,1
DA:124,3
DA:125,3
DA:127,3
DA:128,0
DA:131,3
DA:135,2
DA:136,1
DA:139,1
DA:141,1
DA:146,1
DA:147,4
DA:148,4
DA:151,4
DA:152,3
DA:153,1
DA:156,2
DA:159,2
DA:160,2
DA:161,1
DA:165,1
DA:171,1
DA:178,1
LF:75
LH:74
BRDA:68,0,0,1
BRDA:68,0,1,2
BRDA:71,1,0,1
BRDA:71,1,1,1
BRDA:94,2,0,1
BRDA:94,2,1,1
BRDA:113,3,0,1
BRDA:113,3,1,1
BRDA:127,4,0,0
BRDA:127,4,1,3
BRDA:135,5,0,1
BRDA:135,5,1,1
BRDA:152,6,0,1
BRDA:152,6,1,2
BRDA:160,7,0,1
BRDA:160,7,1,1
BRDA:167,8,0,1
BRDA:167,8,1,1
BRF:18
BRH:17
end_of_record
TN:
SF:src\controllers\filmControllers.ts
FN:10,(anonymous_0)
FN:46,(anonymous_1)
FN:87,(anonymous_2)
FN:97,(anonymous_3)
FN:109,(anonymous_4)
FN:113,(anonymous_5)
FNF:6
FNH:6
FNDA:2,(anonymous_0)
FNDA:3,(anonymous_1)
FNDA:2,(anonymous_2)
FNDA:3,(anonymous_3)
FNDA:1,(anonymous_4)
FNDA:1,(anonymous_5)
DA:2,1
DA:3,1
DA:4,1
DA:5,1
DA:6,1
DA:7,1
DA:10,1
DA:11,2
DA:12,2
DA:38,1
DA:40,1
DA:41,1
DA:46,1
DA:47,3
DA:48,3
DA:50,3
DA:75,2
DA:76,1
DA:78,1
DA:81,1
DA:82,1
DA:87,1
DA:88,2
DA:89,2
DA:90,1
DA:92,1
DA:97,1
DA:98,3
DA:100,3
DA:101,2
DA:102,1
DA:104,1
DA:109,1
DA:110,1
DA:113,1
DA:114,1
LF:36
LH:36
BRDA:75,0,0,1
BRDA:75,0,1,1
BRDA:101,1,0,1
BRDA:101,1,1,1
BRF:4
BRH:4
end_of_record
TN:
SF:src\middlewares\authMiddleware.ts
FN:4,(anonymous_0)
FN:11,(anonymous_1)
FNF:2
FNH:2
FNDA:4,(anonymous_0)
FNDA:2,(anonymous_1)
DA:2,1
DA:4,1
DA:6,4
DA:7,4
DA:9,4
DA:11,2
DA:12,2
DA:14,1
DA:15,1
LF:9
LH:9
BRDA:7,0,0,4
BRDA:7,0,1,2
BRDA:9,1,0,2
BRDA:9,1,1,2
BRDA:11,2,0,2
BRDA:11,2,1,2
BRDA:12,3,0,1
BRDA:12,3,1,1
BRF:8
BRH:8
end_of_record
TN:
SF:src\middlewares\checkIdParam.ts
FN:3,(anonymous_0)
FNF:1
FNH:1
FNDA:5,(anonymous_0)
DA:3,1
DA:8,5
DA:9,6
DA:10,2
DA:16,3
LF:5
LH:5
BRDA:9,0,0,2
BRDA:9,0,1,4
BRF:2
BRH:2
end_of_record
TN:
SF:src\middlewares\errorHandler.ts
FN:3,(anonymous_0)
FNF:1
FNH:1
FNDA:3,(anonymous_0)
DA:3,1
DA:4,3
DA:5,3
DA:6,3
DA:7,3
LF:5
LH:5
BRDA:5,0,0,3
BRDA:5,0,1,2
BRDA:6,1,0,3
BRDA:6,1,1,1
BRF:4
BRH:4
end_of_record
TN:
SF:src\middlewares\logger.ts
FN:3,(anonymous_0)
FNF:1
FNH:1
FNDA:2,(anonymous_0)
DA:3,1
DA:5,2
DA:6,1
DA:8,2
LF:4
LH:4
BRDA:5,0,0,1
BRDA:5,0,1,1
BRF:2
BRH:2
end_of_record
TN:
SF:src\utils\password.ts
FN:1,(anonymous_0)
FNF:1
FNH:1
FNDA:12,(anonymous_0)
DA:1,1
DA:2,12
DA:3,11
DA:4,10
DA:6,9
DA:7,9
DA:8,9
DA:9,9
DA:11,9
DA:13,2
DA:14,1
DA:15,7
DA:17,5
DA:18,2
DA:21,2
DA:24,2
LF:16
LH:16
BRDA:2,0,0,1
BRDA:2,0,1,11
BRDA:3,1,0,1
BRDA:3,1,1,10
BRDA:4,2,0,1
BRDA:4,2,1,9
BRDA:11,3,0,2
BRDA:11,3,1,7
BRDA:13,4,0,1
BRDA:13,4,1,1
BRDA:15,5,0,5
BRDA:15,5,1,2
BRDA:15,6,0,7
BRDA:15,6,1,7
BRDA:17,7,0,3
BRDA:17,7,1,2
BRDA:17,8,0,5
BRDA:17,8,1,2
BRDA:17,8,2,2
BRDA:18,9,0,1
BRDA:18,9,1,1
BRDA:21,10,0,1
BRDA:21,10,1,1
BRDA:21,11,0,2
BRDA:21,11,1,1
BRF:25
BRH:25
end_of_record
TN:
SF:src\utils\shipping.ts
FN:44,calculateShipping
FNF:1
FNH:1
FNDA:5,calculateShipping
DA:44,1
DA:50,5
DA:51,0
DA:54,5
DA:55,0
DA:59,5
DA:61,5
DA:62,3
DA:63,2
DA:64,1
DA:66,1
DA:70,5
DA:71,4
DA:75,5
DA:76,4
DA:79,5
LF:16
LH:14
BRDA:50,0,0,0
BRDA:50,0,1,5
BRDA:54,1,0,0
BRDA:54,1,1,5
BRDA:54,2,0,5
BRDA:54,2,1,5
BRDA:61,3,0,3
BRDA:61,3,1,2
BRDA:63,4,0,1
BRDA:63,4,1,1
BRDA:70,5,0,4
BRDA:70,5,1,1
BRDA:75,6,0,4
BRDA:75,6,1,1
BRF:14
BRH:12
end_of_record
TN:
SF:src\utils\userValidator.ts
FN:1,userValidator
FNF:1
FNH:1
FNDA:11,userValidator
DA:1,1
DA:2,11
DA:3,3
DA:6,8
DA:8,2
DA:9,1
DA:13,7
DA:15,5
DA:16,1
DA:18,4
DA:22,2
DA:23,1
DA:26,1
LF:13
LH:13
BRDA:2,0,0,3
BRDA:2,0,1,8
BRDA:2,1,0,11
BRDA:2,1,1,9
BRDA:6,2,0,2
BRDA:6,2,1,6
BRDA:8,3,0,1
BRDA:8,3,1,1
BRDA:13,4,0,5
BRDA:13,4,1,2
BRDA:13,5,0,7
BRDA:13,5,1,6
BRDA:15,6,0,1
BRDA:15,6,1,4
BRDA:15,7,0,5
BRDA:15,7,1,3
BRDA:15,7,2,2
BRDA:22,8,0,1
BRDA:22,8,1,1
BRF:19
BRH:19
end_of_record
